# JRE version: Java(TM) SE Runtime Environment (7.0_80-b15) (build 1.7.0_80-b15)
# Java VM: Java HotSpot(TM) 64-Bit Server VM (24.80-b11 mixed mode linux-amd64 compressed oops)
Heap
 PSYoungGen      total 197632K, used 124147K [0x00000000e1500000, 0x00000000ed700000, 0x0000000100000000)
  eden space 196608K, 63% used [0x00000000e1500000,0x00000000e8e1cf58,0x00000000ed500000)
  from space 1024K, 12% used [0x00000000ed600000,0x00000000ed61fe38,0x00000000ed700000)
  to   space 1024K, 0% used [0x00000000ed500000,0x00000000ed500000,0x00000000ed600000)
 ParOldGen       total 62464K, used 626K [0x00000000a4000000, 0x00000000a7d00000, 0x00000000e1500000)
  object space 62464K, 1% used [0x00000000a4000000,0x00000000a409caf0,0x00000000a7d00000)
 PSPermGen       total 21504K, used 2431K [0x000000009ee00000, 0x00000000a0300000, 0x00000000a4000000)
  object space 21504K, 11% used [0x000000009ee00000,0x000000009f05fd78,0x00000000a0300000)
GC Heap History (10 events):
Event: 0.594 GC heap before
{Heap before GC invocations=4 (full 0):
 PSYoungGen      total 28160K, used 25279K [0x00000000e1500000, 0x00000000e4c00000, 0x0000000100000000)
  eden space 24576K, 99% used [0x00000000e1500000,0x00000000e2cfbed0,0x00000000e2d00000)
  from space 3584K, 20% used [0x00000000e2d00000,0x00000000e2db3d88,0x00000000e3080000)
  to   space 3584K, 0% used [0x00000000e4880000,0x00000000e4880000,0x00000000e4c00000)
 ParOldGen       total 62464K, used 16K [0x00000000a4000000, 0x00000000a7d00000, 0x00000000e1500000)
  object space 62464K, 0% used [0x00000000a4000000,0x00000000a4004000,0x00000000a7d00000)
 PSPermGen       total 21504K, used 2428K [0x000000009ee00000, 0x00000000a0300000, 0x00000000a4000000)
  object space 21504K, 11% used [0x000000009ee00000,0x000000009f05f228,0x00000000a0300000)
Event: 0.595 GC heap after
Heap after GC invocations=4 (full 0):
 PSYoungGen      total 52736K, used 709K [0x00000000e1500000, 0x00000000e4c00000, 0x0000000100000000)
  eden space 49152K, 0% used [0x00000000e1500000,0x00000000e1500000,0x00000000e4500000)
  from space 3584K, 19% used [0x00000000e4880000,0x00000000e4931790,0x00000000e4c00000)
  to   space 3584K, 0% used [0x00000000e4500000,0x00000000e4500000,0x00000000e4880000)
 ParOldGen       total 62464K, used 16K [0x00000000a4000000, 0x00000000a7d00000, 0x00000000e1500000)
  object space 62464K, 0% used [0x00000000a4000000,0x00000000a4004000,0x00000000a7d00000)
 PSPermGen       total 21504K, used 2428K [0x000000009ee00000, 0x00000000a0300000, 0x00000000a4000000)
  object space 21504K, 11% used [0x000000009ee00000,0x000000009f05f228,0x00000000a0300000)
}
Event: 0.605 GC heap before
{Heap before GC invocations=5 (full 0):
 PSYoungGen      total 52736K, used 49849K [0x00000000e1500000, 0x00000000e4c00000, 0x0000000100000000)
  eden space 49152K, 99% used [0x00000000e1500000,0x00000000e44fcd90,0x00000000e4500000)
  from space 3584K, 19% used [0x00000000e4880000,0x00000000e4931790,0x00000000e4c00000)
  to   space 3584K, 0% used [0x00000000e4500000,0x00000000e4500000,0x00000000e4880000)
 ParOldGen       total 62464K, used 16K [0x00000000a4000000, 0x00000000a7d00000, 0x00000000e1500000)
  object space 62464K, 0% used [0x00000000a4000000,0x00000000a4004000,0x00000000a7d00000)
 PSPermGen       total 21504K, used 2428K [0x000000009ee00000, 0x00000000a0300000, 0x00000000a4000000)
  object space 21504K, 11% used [0x000000009ee00000,0x000000009f05f228,0x00000000a0300000)
Event: 0.610 GC heap after
Heap after GC invocations=5 (full 0):
 PSYoungGen      total 52736K, used 784K [0x00000000e1500000, 0x00000000e7700000, 0x0000000100000000)
  eden space 49152K, 0% used [0x00000000e1500000,0x00000000e1500000,0x00000000e4500000)
  from space 3584K, 21% used [0x00000000e4500000,0x00000000e45c4338,0x00000000e4880000)
  to   space 1024K, 0% used [0x00000000e7600000,0x00000000e7600000,0x00000000e7700000)
 ParOldGen       total 62464K, used 16K [0x00000000a4000000, 0x00000000a7d00000, 0x00000000e1500000)
  object space 62464K, 0% used [0x00000000a4000000,0x00000000a4004000,0x00000000a7d00000)
 PSPermGen       total 21504K, used 2428K [0x000000009ee00000, 0x00000000a0300000, 0x00000000a4000000)
  object space 21504K, 11% used [0x000000009ee00000,0x000000009f05f228,0x00000000a0300000)
}
Event: 0.618 GC heap before
{Heap before GC invocations=6 (full 0):
 PSYoungGen      total 52736K, used 49878K [0x00000000e1500000, 0x00000000e7700000, 0x0000000100000000)
  eden space 49152K, 99% used [0x00000000e1500000,0x00000000e44f17e0,0x00000000e4500000)
  from space 3584K, 21% used [0x00000000e4500000,0x00000000e45c4338,0x00000000e4880000)
  to   space 1024K, 0% used [0x00000000e7600000,0x00000000e7600000,0x00000000e7700000)
 ParOldGen       total 62464K, used 16K [0x00000000a4000000, 0x00000000a7d00000, 0x00000000e1500000)
  object space 62464K, 0% used [0x00000000a4000000,0x00000000a4004000,0x00000000a7d00000)
 PSPermGen       total 21504K, used 2428K [0x000000009ee00000, 0x00000000a0300000, 0x00000000a4000000)
  object space 21504K, 11% used [0x000000009ee00000,0x000000009f05f228,0x00000000a0300000)
Event: 0.619 GC heap after
Heap after GC invocations=6 (full 0):
 PSYoungGen      total 99328K, used 761K [0x00000000e1500000, 0x00000000e7700000, 0x0000000100000000)
  eden space 98304K, 0% used [0x00000000e1500000,0x00000000e1500000,0x00000000e7500000)
  from space 1024K, 74% used [0x00000000e7600000,0x00000000e76be7d0,0x00000000e7700000)
  to   space 1024K, 0% used [0x00000000e7500000,0x00000000e7500000,0x00000000e7600000)
 ParOldGen       total 62464K, used 16K [0x00000000a4000000, 0x00000000a7d00000, 0x00000000e1500000)
  object space 62464K, 0% used [0x00000000a4000000,0x00000000a4004000,0x00000000a7d00000)
 PSPermGen       total 21504K, used 2428K [0x000000009ee00000, 0x00000000a0300000, 0x00000000a4000000)
  object space 21504K, 11% used [0x000000009ee00000,0x000000009f05f228,0x00000000a0300000)
}
Event: 0.638 GC heap before
{Heap before GC invocations=7 (full 0):
 PSYoungGen      total 99328K, used 99062K [0x00000000e1500000, 0x00000000e7700000, 0x0000000100000000)
  eden space 98304K, 99% used [0x00000000e1500000,0x00000000e74ff118,0x00000000e7500000)
  from space 1024K, 74% used [0x00000000e7600000,0x00000000e76be7d0,0x00000000e7700000)
  to   space 1024K, 0% used [0x00000000e7500000,0x00000000e7500000,0x00000000e7600000)
 ParOldGen       total 62464K, used 16K [0x00000000a4000000, 0x00000000a7d00000, 0x00000000e1500000)
  object space 62464K, 0% used [0x00000000a4000000,0x00000000a4004000,0x00000000a7d00000)
 PSPermGen       total 21504K, used 2428K [0x000000009ee00000, 0x00000000a0300000, 0x00000000a4000000)
  object space 21504K, 11% used [0x000000009ee00000,0x000000009f05f228,0x00000000a0300000)
Event: 0.640 GC heap after
Heap after GC invocations=7 (full 0):
 PSYoungGen      total 99328K, used 114K [0x00000000e1500000, 0x00000000ed700000, 0x0000000100000000)
  eden space 98304K, 0% used [0x00000000e1500000,0x00000000e1500000,0x00000000e7500000)
  from space 1024K, 11% used [0x00000000e7500000,0x00000000e751ca90,0x00000000e7600000)
  to   space 1024K, 0% used [0x00000000ed600000,0x00000000ed600000,0x00000000ed700000)
 ParOldGen       total 62464K, used 626K [0x00000000a4000000, 0x00000000a7d00000, 0x00000000e1500000)
  object space 62464K, 1% used [0x00000000a4000000,0x00000000a409caf0,0x00000000a7d00000)
 PSPermGen       total 21504K, used 2428K [0x000000009ee00000, 0x00000000a0300000, 0x00000000a4000000)
  object space 21504K, 11% used [0x000000009ee00000,0x000000009f05f228,0x00000000a0300000)
}
Event: 0.657 GC heap before
{Heap before GC invocations=8 (full 0):
 PSYoungGen      total 99328K, used 98378K [0x00000000e1500000, 0x00000000ed700000, 0x0000000100000000)
  eden space 98304K, 99% used [0x00000000e1500000,0x00000000e74f6150,0x00000000e7500000)
  from space 1024K, 11% used [0x00000000e7500000,0x00000000e751ca90,0x00000000e7600000)
  to   space 1024K, 0% used [0x00000000ed600000,0x00000000ed600000,0x00000000ed700000)
 ParOldGen       total 62464K, used 626K [0x00000000a4000000, 0x00000000a7d00000, 0x00000000e1500000)
  object space 62464K, 1% used [0x00000000a4000000,0x00000000a409caf0,0x00000000a7d00000)
 PSPermGen       total 21504K, used 2428K [0x000000009ee00000, 0x00000000a0300000, 0x00000000a4000000)
  object space 21504K, 11% used [0x000000009ee00000,0x000000009f05f228,0x00000000a0300000)
Event: 0.658 GC heap after
Heap after GC invocations=8 (full 0):
 PSYoungGen      total 197632K, used 127K [0x00000000e1500000, 0x00000000ed700000, 0x0000000100000000)
  eden space 196608K, 0% used [0x00000000e1500000,0x00000000e1500000,0x00000000ed500000)
  from space 1024K, 12% used [0x00000000ed600000,0x00000000ed61fe38,0x00000000ed700000)
  to   space 1024K, 0% used [0x00000000ed500000,0x00000000ed500000,0x00000000ed600000)
 ParOldGen       total 62464K, used 626K [0x00000000a4000000, 0x00000000a7d00000, 0x00000000e1500000)
  object space 62464K, 1% used [0x00000000a4000000,0x00000000a409caf0,0x00000000a7d00000)
 PSPermGen       total 21504K, used 2428K [0x000000009ee00000, 0x00000000a0300000, 0x00000000a4000000)
  object space 21504K, 11% used [0x000000009ee00000,0x000000009f05f228,0x00000000a0300000)
}

